137-INFO-2020-03-11 18:56:43,001-##########	Nueral Network to detect Potential Low Birth Weight Cases	########## 
137-INFO-2020-03-11 18:56:43,001-HYPER PARAMETERS OF THE MODEL:

137-INFO-2020-03-11 18:56:43,001-Nueral Net Architecture:
137-INFO-2020-03-11 18:56:43,001-	 Number of Nodes in Input layer : 9
137-INFO-2020-03-11 18:56:43,001-	 Number of Nodes in Hidden layer : 10
137-INFO-2020-03-11 18:56:43,001-	 Number of Nodes in Hidden layer : 1
137-INFO-2020-03-11 18:56:43,001-Initial Learning Rate : 0.1
137-INFO-2020-03-11 18:56:43,001-Test - Train split : 90-10

137-INFO-2020-03-11 18:56:43,001-Training...
137-INFO-2020-03-11 18:56:43,032-Execution time in seconds = 0.030213
137-INFO-2020-03-11 18:56:43,033-Train loss: 0.10356166760264666
137-INFO-2020-03-11 18:56:43,033-Train accuracy:89.64383323973534%
137-INFO-2020-03-11 18:56:43,034-Testing...
137-INFO-2020-03-11 18:56:43,034-Test loss: 0.07692590001995335
137-INFO-2020-03-11 18:56:43,034-Test accuracy: 92.30740999800466%
137-INFO-2020-03-11 18:56:43,035-

137-INFO-2020-03-11 18:56:43,036-Confusion Matrix : 
137-INFO-2020-03-11 18:56:43,036-[[4, 1], [0, 6]]
137-INFO-2020-03-11 18:56:43,036-

137-INFO-2020-03-11 18:56:43,036-Precision : 0.8571428571428571
137-INFO-2020-03-11 18:56:43,036-Recall : 1.0
137-INFO-2020-03-11 18:56:43,036-F1 SCORE : 0.923076923076923
